[0.006s] Invoking command in '/home/carissa/Desktop/part2/build/project_one': CMAKE_PREFIX_PATH=/opt/ros/humble /usr/bin/cmake /home/carissa/Desktop/part2/src/project_one -DCMAKE_INSTALL_PREFIX=/home/carissa/Desktop/part2/install/project_one
[0.047s] -- The C compiler identification is GNU 11.4.0
[0.083s] -- The CXX compiler identification is GNU 11.4.0
[0.088s] -- Detecting C compiler ABI info
[0.140s] -- Detecting C compiler ABI info - done
[0.146s] -- Check for working C compiler: /usr/bin/cc - skipped
[0.146s] -- Detecting C compile features
[0.146s] -- Detecting C compile features - done
[0.148s] -- Detecting CXX compiler ABI info
[0.204s] -- Detecting CXX compiler ABI info - done
[0.209s] -- Check for working CXX compiler: /usr/bin/c++ - skipped
[0.209s] -- Detecting CXX compile features
[0.209s] -- Detecting CXX compile features - done
[0.210s] -- Found ament_cmake: 1.3.10 (/opt/ros/humble/share/ament_cmake/cmake)
[0.318s] -- Found Python3: /usr/bin/python3 (found version "3.10.12") found components: Interpreter 
[0.377s] -- Found robot_state_publisher: 3.0.3 (/opt/ros/humble/share/robot_state_publisher/cmake)
[0.400s] -- Found rosidl_generator_c: 3.1.5 (/opt/ros/humble/share/rosidl_generator_c/cmake)
[0.403s] -- Found rosidl_adapter: 3.1.5 (/opt/ros/humble/share/rosidl_adapter/cmake)
[0.409s] -- Found rosidl_generator_cpp: 3.1.5 (/opt/ros/humble/share/rosidl_generator_cpp/cmake)
[0.416s] -- Using all available rosidl_typesupport_c: rosidl_typesupport_fastrtps_c;rosidl_typesupport_introspection_c
[0.425s] -- Using all available rosidl_typesupport_cpp: rosidl_typesupport_fastrtps_cpp;rosidl_typesupport_introspection_cpp
[0.459s] -- Found eigen3_cmake_module: 0.1.1 (/opt/ros/humble/share/eigen3_cmake_module/cmake)
[0.460s] -- Found Eigen3: TRUE (found version "3.4.0") 
[0.460s] -- Ensuring Eigen3 include directory is part of orocos-kdl CMake target
[0.485s] -- Found rmw_implementation_cmake: 6.1.2 (/opt/ros/humble/share/rmw_implementation_cmake/cmake)
[0.487s] -- Found rmw_fastrtps_cpp: 6.2.7 (/opt/ros/humble/share/rmw_fastrtps_cpp/cmake)
[0.547s] -- Found OpenSSL: /usr/lib/x86_64-linux-gnu/libcrypto.so (found version "3.0.2")  
[0.568s] -- Found FastRTPS: /opt/ros/humble/include  
[0.594s] -- Using RMW implementation 'rmw_fastrtps_cpp' as default
[0.600s] -- Looking for pthread.h
[0.652s] -- Looking for pthread.h - found
[0.653s] -- Performing Test CMAKE_HAVE_LIBC_PTHREAD
[0.703s] -- Performing Test CMAKE_HAVE_LIBC_PTHREAD - Success
[0.704s] -- Found Threads: TRUE  
[0.821s] -- Found xacro: 2.0.8 (/opt/ros/humble/share/xacro/cmake)
[0.822s] -- Found ros2_control: 2.43.1 (/opt/ros/humble/share/ros2_control/cmake)
[0.823s] -- Found rclpy: 3.3.14 (/opt/ros/humble/share/rclpy/cmake)
[0.824s] -- Found ament_lint_auto: 0.12.11 (/opt/ros/humble/share/ament_lint_auto/cmake)
[0.876s] -- Added test 'copyright' to check source files copyright and LICENSE
[0.878s] -- Added test 'flake8' to check Python code syntax and style conventions
[0.879s] -- Added test 'lint_cmake' to check CMake code style
[0.879s] -- Added test 'pep257' to check Python code against some of the docstring style conventions in PEP 257
[0.881s] -- Added test 'xmllint' to check XML markup files
[0.881s] -- Configuring done
[0.884s] -- Generating done
[0.885s] -- Build files have been written to: /home/carissa/Desktop/part2/build/project_one
[0.892s] Invoked command in '/home/carissa/Desktop/part2/build/project_one' returned '0': CMAKE_PREFIX_PATH=/opt/ros/humble /usr/bin/cmake /home/carissa/Desktop/part2/src/project_one -DCMAKE_INSTALL_PREFIX=/home/carissa/Desktop/part2/install/project_one
[0.893s] Invoking command in '/home/carissa/Desktop/part2/build/project_one': CMAKE_PREFIX_PATH=/opt/ros/humble /usr/bin/cmake --build /home/carissa/Desktop/part2/build/project_one -- -j20 -l20
[0.922s] Invoked command in '/home/carissa/Desktop/part2/build/project_one' returned '0': CMAKE_PREFIX_PATH=/opt/ros/humble /usr/bin/cmake --build /home/carissa/Desktop/part2/build/project_one -- -j20 -l20
[0.945s] Invoking command in '/home/carissa/Desktop/part2/build/project_one': CMAKE_PREFIX_PATH=/opt/ros/humble /usr/bin/cmake --install /home/carissa/Desktop/part2/build/project_one
[0.949s] -- Install configuration: ""
[0.949s] -- Installing: /home/carissa/Desktop/part2/install/project_one/share/project_one//urdf
[0.949s] -- Installing: /home/carissa/Desktop/part2/install/project_one/share/project_one//urdf/toy_car.csv
[0.949s] -- Installing: /home/carissa/Desktop/part2/install/project_one/share/project_one//urdf/toy_car.urdf.xacro
[0.949s] -- Installing: /home/carissa/Desktop/part2/install/project_one/share/project_one//urdf/toy_car.csvZone.Identifier
[0.949s] -- Installing: /home/carissa/Desktop/part2/install/project_one/share/project_one//urdf/toy_car.urdf.xacroZone.Identifier
[0.950s] -- Installing: /home/carissa/Desktop/part2/install/project_one/share/project_one//meshes
[0.950s] -- Installing: /home/carissa/Desktop/part2/install/project_one/share/project_one//meshes/back_left_tire_link.STL
[0.950s] -- Installing: /home/carissa/Desktop/part2/install/project_one/share/project_one//meshes/back_right_tire_link.STLZone.Identifier
[0.950s] -- Installing: /home/carissa/Desktop/part2/install/project_one/share/project_one//meshes/back_left_tire_link.STLZone.Identifier
[0.950s] -- Installing: /home/carissa/Desktop/part2/install/project_one/share/project_one//meshes/trailer_right_tire_link.STLZone.Identifier
[0.950s] -- Installing: /home/carissa/Desktop/part2/install/project_one/share/project_one//meshes/left_steer_link.STLZone.Identifier
[0.950s] -- Installing: /home/carissa/Desktop/part2/install/project_one/share/project_one//meshes/right_steer_link.STLZone.Identifier
[0.950s] -- Installing: /home/carissa/Desktop/part2/install/project_one/share/project_one//meshes/front_right_tire_link.STL
[0.950s] -- Installing: /home/carissa/Desktop/part2/install/project_one/share/project_one//meshes/front_left_tire_link.STL
[0.950s] -- Installing: /home/carissa/Desktop/part2/install/project_one/share/project_one//meshes/base_link.STL
[0.950s] -- Installing: /home/carissa/Desktop/part2/install/project_one/share/project_one//meshes/trailer_left_tire_link.STLZone.Identifier
[0.950s] -- Installing: /home/carissa/Desktop/part2/install/project_one/share/project_one//meshes/lidar_link.STLZone.Identifier
[0.951s] -- Installing: /home/carissa/Desktop/part2/install/project_one/share/project_one//meshes/trailer_link.STL
[0.951s] -- Installing: /home/carissa/Desktop/part2/install/project_one/share/project_one//meshes/trailer_left_tire_link.STL
[0.951s] -- Installing: /home/carissa/Desktop/part2/install/project_one/share/project_one//meshes/front_right_axle_link.STLZone.Identifier
[0.951s] -- Installing: /home/carissa/Desktop/part2/install/project_one/share/project_one//meshes/back_right_tire_link.STL
[0.951s] -- Installing: /home/carissa/Desktop/part2/install/project_one/share/project_one//meshes/front_left_axle_link.STLZone.Identifier
[0.951s] -- Installing: /home/carissa/Desktop/part2/install/project_one/share/project_one//meshes/left_steer_link.STL
[0.951s] -- Installing: /home/carissa/Desktop/part2/install/project_one/share/project_one//meshes/trailer_right_axle_link.STLZone.Identifier
[0.951s] -- Installing: /home/carissa/Desktop/part2/install/project_one/share/project_one//meshes/back_left_axle_link.STL
[0.951s] -- Installing: /home/carissa/Desktop/part2/install/project_one/share/project_one//meshes/trailer_link.STLZone.Identifier
[0.951s] -- Installing: /home/carissa/Desktop/part2/install/project_one/share/project_one//meshes/front_left_tire_link.STLZone.Identifier
[0.951s] -- Installing: /home/carissa/Desktop/part2/install/project_one/share/project_one//meshes/trailer_left_axle_link.STL
[0.951s] -- Installing: /home/carissa/Desktop/part2/install/project_one/share/project_one//meshes/back_left_axle_link.STLZone.Identifier
[0.952s] -- Installing: /home/carissa/Desktop/part2/install/project_one/share/project_one//meshes/back_right_axle_link.STL
[0.952s] -- Installing: /home/carissa/Desktop/part2/install/project_one/share/project_one//meshes/trailer_left_axle_link.STLZone.Identifier
[0.952s] -- Installing: /home/carissa/Desktop/part2/install/project_one/share/project_one//meshes/back_right_axle_link.STLZone.Identifier
[0.952s] -- Installing: /home/carissa/Desktop/part2/install/project_one/share/project_one//meshes/trailer_right_tire_link.STL
[0.952s] -- Installing: /home/carissa/Desktop/part2/install/project_one/share/project_one//meshes/right_steer_link.STL
[0.952s] -- Installing: /home/carissa/Desktop/part2/install/project_one/share/project_one//meshes/lidar_link.STL
[0.952s] -- Installing: /home/carissa/Desktop/part2/install/project_one/share/project_one//meshes/trailer_right_axle_link.STL
[0.952s] -- Installing: /home/carissa/Desktop/part2/install/project_one/share/project_one//meshes/front_left_axle_link.STL
[0.952s] -- Installing: /home/carissa/Desktop/part2/install/project_one/share/project_one//meshes/front_right_tire_link.STLZone.Identifier
[0.952s] -- Installing: /home/carissa/Desktop/part2/install/project_one/share/project_one//meshes/front_right_axle_link.STL
[0.953s] -- Installing: /home/carissa/Desktop/part2/install/project_one/share/project_one//meshes/base_link.STLZone.Identifier
[0.953s] -- Installing: /home/carissa/Desktop/part2/install/project_one/share/project_one//launch
[0.953s] -- Installing: /home/carissa/Desktop/part2/install/project_one/share/project_one//launch/debug.launch.py
[0.953s] -- Installing: /home/carissa/Desktop/part2/install/project_one/share/project_one//launch/gazebo.launch.pyZone.Identifier
[0.953s] -- Installing: /home/carissa/Desktop/part2/install/project_one/share/project_one//launch/gazebo.launch.py
[0.953s] -- Installing: /home/carissa/Desktop/part2/install/project_one/share/project_one//launch/display.launch.py
[0.953s] -- Installing: /home/carissa/Desktop/part2/install/project_one/share/project_one//launch/debug.launch.pyZone.Identifier
[0.953s] -- Installing: /home/carissa/Desktop/part2/install/project_one/share/project_one//launch/spawn_robot_ros2.launch.pyZone.Identifier
[0.953s] -- Installing: /home/carissa/Desktop/part2/install/project_one/share/project_one//launch/robot_description_publisher.py
[0.953s] -- Installing: /home/carissa/Desktop/part2/install/project_one/share/project_one//launch/display.launch.pyZone.Identifier
[0.953s] -- Installing: /home/carissa/Desktop/part2/install/project_one/share/project_one//launch/robot_description_publisher.pyZone.Identifier
[0.953s] -- Installing: /home/carissa/Desktop/part2/install/project_one/share/project_one//launch/spawn_robot_ros2.launch.py
[0.953s] -- Installing: /home/carissa/Desktop/part2/install/project_one/share/project_one//worlds
[0.953s] -- Installing: /home/carissa/Desktop/part2/install/project_one/share/project_one//worlds/empty_world.worldZone.Identifier
[0.954s] -- Installing: /home/carissa/Desktop/part2/install/project_one/share/project_one//worlds/empty_world.world
[0.954s] -- Installing: /home/carissa/Desktop/part2/install/project_one/share/project_one//config
[0.954s] -- Installing: /home/carissa/Desktop/part2/install/project_one/share/project_one//config/control.yamlZone.Identifier
[0.954s] -- Installing: /home/carissa/Desktop/part2/install/project_one/share/project_one//config/control.yaml
[0.954s] -- Installing: /home/carissa/Desktop/part2/install/project_one/share/project_one//rviz
[0.954s] -- Installing: /home/carissa/Desktop/part2/install/project_one/share/project_one//rviz/display_default.rviz
[0.954s] -- Installing: /home/carissa/Desktop/part2/install/project_one/share/project_one//rviz/display_default.rvizZone.Identifier
[0.954s] -- Installing: /home/carissa/Desktop/part2/install/project_one/share/project_one//scripts
[0.954s] -- Installing: /home/carissa/Desktop/part2/install/project_one/share/project_one//scripts/proportional_controller.py
[0.954s] -- Installing: /home/carissa/Desktop/part2/install/project_one/share/project_one//scripts/teleop.pyZone.Identifier
[0.954s] -- Installing: /home/carissa/Desktop/part2/install/project_one/share/project_one//scripts/teleop.py
[0.954s] -- Installing: /home/carissa/Desktop/part2/install/project_one/include/project_one
[0.955s] -- Installing: /home/carissa/Desktop/part2/install/project_one/lib/project_one/robot_description_publisher.py
[0.955s] -- Installing: /home/carissa/Desktop/part2/install/project_one/lib/project_one/teleop.py
[0.955s] -- Installing: /home/carissa/Desktop/part2/install/project_one/lib/project_one/proportional_controller.py
[0.955s] -- Installing: /home/carissa/Desktop/part2/install/project_one/share/ament_index/resource_index/package_run_dependencies/project_one
[0.955s] -- Installing: /home/carissa/Desktop/part2/install/project_one/share/ament_index/resource_index/parent_prefix_path/project_one
[0.955s] -- Installing: /home/carissa/Desktop/part2/install/project_one/share/project_one/environment/ament_prefix_path.sh
[0.955s] -- Installing: /home/carissa/Desktop/part2/install/project_one/share/project_one/environment/ament_prefix_path.dsv
[0.955s] -- Installing: /home/carissa/Desktop/part2/install/project_one/share/project_one/environment/path.sh
[0.955s] -- Installing: /home/carissa/Desktop/part2/install/project_one/share/project_one/environment/path.dsv
[0.955s] -- Installing: /home/carissa/Desktop/part2/install/project_one/share/project_one/local_setup.bash
[0.955s] -- Installing: /home/carissa/Desktop/part2/install/project_one/share/project_one/local_setup.sh
[0.955s] -- Installing: /home/carissa/Desktop/part2/install/project_one/share/project_one/local_setup.zsh
[0.955s] -- Installing: /home/carissa/Desktop/part2/install/project_one/share/project_one/local_setup.dsv
[0.956s] -- Installing: /home/carissa/Desktop/part2/install/project_one/share/project_one/package.dsv
[0.956s] -- Installing: /home/carissa/Desktop/part2/install/project_one/share/ament_index/resource_index/packages/project_one
[0.956s] -- Installing: /home/carissa/Desktop/part2/install/project_one/share/project_one/cmake/project_oneConfig.cmake
[0.956s] -- Installing: /home/carissa/Desktop/part2/install/project_one/share/project_one/cmake/project_oneConfig-version.cmake
[0.956s] -- Installing: /home/carissa/Desktop/part2/install/project_one/share/project_one/package.xml
[0.957s] Invoked command in '/home/carissa/Desktop/part2/build/project_one' returned '0': CMAKE_PREFIX_PATH=/opt/ros/humble /usr/bin/cmake --install /home/carissa/Desktop/part2/build/project_one
