[0.008s] Invoking command in '/home/carissa/Desktop/part2/build/project_one': CMAKE_PREFIX_PATH=${CMAKE_PREFIX_PATH}:/opt/ros/humble /usr/bin/cmake --build /home/carissa/Desktop/part2/build/project_one -- -j20 -l20
[0.027s] -- Found ament_cmake: 1.3.10 (/opt/ros/humble/share/ament_cmake/cmake)
[0.112s] -- Found robot_state_publisher: 3.0.3 (/opt/ros/humble/share/robot_state_publisher/cmake)
[0.128s] -- Found rosidl_generator_c: 3.1.5 (/opt/ros/humble/share/rosidl_generator_c/cmake)
[0.129s] -- Found rosidl_adapter: 3.1.5 (/opt/ros/humble/share/rosidl_adapter/cmake)
[0.132s] -- Found rosidl_generator_cpp: 3.1.5 (/opt/ros/humble/share/rosidl_generator_cpp/cmake)
[0.138s] -- Using all available rosidl_typesupport_c: rosidl_typesupport_fastrtps_c;rosidl_typesupport_introspection_c
[0.145s] -- Using all available rosidl_typesupport_cpp: rosidl_typesupport_fastrtps_cpp;rosidl_typesupport_introspection_cpp
[0.168s] -- Found eigen3_cmake_module: 0.1.1 (/opt/ros/humble/share/eigen3_cmake_module/cmake)
[0.169s] -- Ensuring Eigen3 include directory is part of orocos-kdl CMake target
[0.185s] -- Found rmw_implementation_cmake: 6.1.2 (/opt/ros/humble/share/rmw_implementation_cmake/cmake)
[0.186s] -- Found rmw_fastrtps_cpp: 6.2.7 (/opt/ros/humble/share/rmw_fastrtps_cpp/cmake)
[0.254s] -- Using RMW implementation 'rmw_fastrtps_cpp' as default
[0.350s] -- Found xacro: 2.0.8 (/opt/ros/humble/share/xacro/cmake)
[0.350s] -- Found ros2_control: 2.43.1 (/opt/ros/humble/share/ros2_control/cmake)
[0.350s] -- Found rclpy: 3.3.14 (/opt/ros/humble/share/rclpy/cmake)
[0.350s] -- Found nav_msgs: 4.2.4 (/opt/ros/humble/share/nav_msgs/cmake)
[0.360s] [31mCMake Error at /opt/ros/humble/share/ament_cmake_target_dependencies/cmake/ament_target_dependencies.cmake:77 (message):
[0.360s]   ament_target_dependencies() the passed package name 'gazebo_ros' was not
[0.360s]   found before
[0.360s] Call Stack (most recent call first):
[0.360s]   CMakeLists.txt:55 (ament_target_dependencies)
[0.360s] 
[0.360s] [0m
[0.361s] -- Configuring incomplete, errors occurred!
[0.361s] See also "/home/carissa/Desktop/part2/build/project_one/CMakeFiles/CMakeOutput.log".
[0.366s] gmake: *** [Makefile:267: cmake_check_build_system] Error 1
[0.368s] Invoked command in '/home/carissa/Desktop/part2/build/project_one' returned '2': CMAKE_PREFIX_PATH=${CMAKE_PREFIX_PATH}:/opt/ros/humble /usr/bin/cmake --build /home/carissa/Desktop/part2/build/project_one -- -j20 -l20
