[0.014s] Invoking command in '/home/carissa/Desktop/part2/build/project_one': CMAKE_PREFIX_PATH=${CMAKE_PREFIX_PATH}:/opt/ros/humble /usr/bin/cmake --build /home/carissa/Desktop/part2/build/project_one -- -j20 -l20
[0.063s] [100%] Built target odometry_plugin
[0.070s] Invoked command in '/home/carissa/Desktop/part2/build/project_one' returned '0': CMAKE_PREFIX_PATH=${CMAKE_PREFIX_PATH}:/opt/ros/humble /usr/bin/cmake --build /home/carissa/Desktop/part2/build/project_one -- -j20 -l20
[0.093s] Invoking command in '/home/carissa/Desktop/part2/build/project_one': CMAKE_PREFIX_PATH=${CMAKE_PREFIX_PATH}:/opt/ros/humble /usr/bin/cmake --install /home/carissa/Desktop/part2/build/project_one
[0.098s] -- Install configuration: ""
[0.098s] -- Up-to-date: /home/carissa/Desktop/part2/install/project_one/share/project_one//urdf
[0.098s] -- Up-to-date: /home/carissa/Desktop/part2/install/project_one/share/project_one//urdf/toy_car.csv
[0.098s] -- Installing: /home/carissa/Desktop/part2/install/project_one/share/project_one//urdf/toy_car.urdf.xacro
[0.098s] -- Up-to-date: /home/carissa/Desktop/part2/install/project_one/share/project_one//urdf/toy_car.csvZone.Identifier
[0.098s] -- Up-to-date: /home/carissa/Desktop/part2/install/project_one/share/project_one//urdf/toy_car.urdf.xacroZone.Identifier
[0.098s] -- Up-to-date: /home/carissa/Desktop/part2/install/project_one/share/project_one//meshes
[0.098s] -- Up-to-date: /home/carissa/Desktop/part2/install/project_one/share/project_one//meshes/back_left_tire_link.STL
[0.098s] -- Up-to-date: /home/carissa/Desktop/part2/install/project_one/share/project_one//meshes/back_right_tire_link.STLZone.Identifier
[0.099s] -- Up-to-date: /home/carissa/Desktop/part2/install/project_one/share/project_one//meshes/back_left_tire_link.STLZone.Identifier
[0.099s] -- Up-to-date: /home/carissa/Desktop/part2/install/project_one/share/project_one//meshes/trailer_right_tire_link.STLZone.Identifier
[0.099s] -- Up-to-date: /home/carissa/Desktop/part2/install/project_one/share/project_one//meshes/left_steer_link.STLZone.Identifier
[0.099s] -- Up-to-date: /home/carissa/Desktop/part2/install/project_one/share/project_one//meshes/right_steer_link.STLZone.Identifier
[0.099s] -- Up-to-date: /home/carissa/Desktop/part2/install/project_one/share/project_one//meshes/front_right_tire_link.STL
[0.099s] -- Up-to-date: /home/carissa/Desktop/part2/install/project_one/share/project_one//meshes/front_left_tire_link.STL
[0.099s] -- Up-to-date: /home/carissa/Desktop/part2/install/project_one/share/project_one//meshes/base_link.STL
[0.099s] -- Up-to-date: /home/carissa/Desktop/part2/install/project_one/share/project_one//meshes/trailer_left_tire_link.STLZone.Identifier
[0.099s] -- Up-to-date: /home/carissa/Desktop/part2/install/project_one/share/project_one//meshes/lidar_link.STLZone.Identifier
[0.099s] -- Up-to-date: /home/carissa/Desktop/part2/install/project_one/share/project_one//meshes/trailer_link.STL
[0.099s] -- Up-to-date: /home/carissa/Desktop/part2/install/project_one/share/project_one//meshes/trailer_left_tire_link.STL
[0.099s] -- Up-to-date: /home/carissa/Desktop/part2/install/project_one/share/project_one//meshes/front_right_axle_link.STLZone.Identifier
[0.099s] -- Up-to-date: /home/carissa/Desktop/part2/install/project_one/share/project_one//meshes/back_right_tire_link.STL
[0.099s] -- Up-to-date: /home/carissa/Desktop/part2/install/project_one/share/project_one//meshes/front_left_axle_link.STLZone.Identifier
[0.099s] -- Up-to-date: /home/carissa/Desktop/part2/install/project_one/share/project_one//meshes/left_steer_link.STL
[0.099s] -- Up-to-date: /home/carissa/Desktop/part2/install/project_one/share/project_one//meshes/trailer_right_axle_link.STLZone.Identifier
[0.100s] -- Up-to-date: /home/carissa/Desktop/part2/install/project_one/share/project_one//meshes/back_left_axle_link.STL
[0.100s] -- Up-to-date: /home/carissa/Desktop/part2/install/project_one/share/project_one//meshes/trailer_link.STLZone.Identifier
[0.100s] -- Up-to-date: /home/carissa/Desktop/part2/install/project_one/share/project_one//meshes/front_left_tire_link.STLZone.Identifier
[0.100s] -- Up-to-date: /home/carissa/Desktop/part2/install/project_one/share/project_one//meshes/trailer_left_axle_link.STL
[0.100s] -- Up-to-date: /home/carissa/Desktop/part2/install/project_one/share/project_one//meshes/back_left_axle_link.STLZone.Identifier
[0.100s] -- Up-to-date: /home/carissa/Desktop/part2/install/project_one/share/project_one//meshes/back_right_axle_link.STL
[0.100s] -- Up-to-date: /home/carissa/Desktop/part2/install/project_one/share/project_one//meshes/trailer_left_axle_link.STLZone.Identifier
[0.100s] -- Up-to-date: /home/carissa/Desktop/part2/install/project_one/share/project_one//meshes/back_right_axle_link.STLZone.Identifier
[0.100s] -- Up-to-date: /home/carissa/Desktop/part2/install/project_one/share/project_one//meshes/trailer_right_tire_link.STL
[0.100s] -- Up-to-date: /home/carissa/Desktop/part2/install/project_one/share/project_one//meshes/right_steer_link.STL
[0.100s] -- Up-to-date: /home/carissa/Desktop/part2/install/project_one/share/project_one//meshes/lidar_link.STL
[0.100s] -- Up-to-date: /home/carissa/Desktop/part2/install/project_one/share/project_one//meshes/trailer_right_axle_link.STL
[0.101s] -- Up-to-date: /home/carissa/Desktop/part2/install/project_one/share/project_one//meshes/front_left_axle_link.STL
[0.101s] -- Up-to-date: /home/carissa/Desktop/part2/install/project_one/share/project_one//meshes/front_right_tire_link.STLZone.Identifier
[0.101s] -- Up-to-date: /home/carissa/Desktop/part2/install/project_one/share/project_one//meshes/front_right_axle_link.STL
[0.101s] -- Up-to-date: /home/carissa/Desktop/part2/install/project_one/share/project_one//meshes/base_link.STLZone.Identifier
[0.101s] -- Up-to-date: /home/carissa/Desktop/part2/install/project_one/share/project_one//launch
[0.101s] -- Up-to-date: /home/carissa/Desktop/part2/install/project_one/share/project_one//launch/debug.launch.py
[0.101s] -- Up-to-date: /home/carissa/Desktop/part2/install/project_one/share/project_one//launch/gazebo.launch.pyZone.Identifier
[0.101s] -- Up-to-date: /home/carissa/Desktop/part2/install/project_one/share/project_one//launch/gazebo.launch.py
[0.101s] -- Up-to-date: /home/carissa/Desktop/part2/install/project_one/share/project_one//launch/display.launch.py
[0.101s] -- Up-to-date: /home/carissa/Desktop/part2/install/project_one/share/project_one//launch/debug.launch.pyZone.Identifier
[0.101s] -- Up-to-date: /home/carissa/Desktop/part2/install/project_one/share/project_one//launch/spawn_robot_ros2.launch.pyZone.Identifier
[0.101s] -- Up-to-date: /home/carissa/Desktop/part2/install/project_one/share/project_one//launch/robot_description_publisher.py
[0.101s] -- Up-to-date: /home/carissa/Desktop/part2/install/project_one/share/project_one//launch/display.launch.pyZone.Identifier
[0.101s] -- Up-to-date: /home/carissa/Desktop/part2/install/project_one/share/project_one//launch/robot_description_publisher.pyZone.Identifier
[0.101s] -- Up-to-date: /home/carissa/Desktop/part2/install/project_one/share/project_one//launch/spawn_robot_ros2.launch.py
[0.101s] -- Up-to-date: /home/carissa/Desktop/part2/install/project_one/share/project_one//worlds
[0.101s] -- Up-to-date: /home/carissa/Desktop/part2/install/project_one/share/project_one//worlds/empty_world.worldZone.Identifier
[0.101s] -- Up-to-date: /home/carissa/Desktop/part2/install/project_one/share/project_one//worlds/empty_world.world
[0.101s] -- Up-to-date: /home/carissa/Desktop/part2/install/project_one/share/project_one//config
[0.101s] -- Up-to-date: /home/carissa/Desktop/part2/install/project_one/share/project_one//config/control.yamlZone.Identifier
[0.101s] -- Up-to-date: /home/carissa/Desktop/part2/install/project_one/share/project_one//config/control.yaml
[0.101s] -- Up-to-date: /home/carissa/Desktop/part2/install/project_one/share/project_one//rviz
[0.101s] -- Up-to-date: /home/carissa/Desktop/part2/install/project_one/share/project_one//rviz/display_default.rviz
[0.101s] -- Up-to-date: /home/carissa/Desktop/part2/install/project_one/share/project_one//rviz/display_default.rvizZone.Identifier
[0.102s] -- Up-to-date: /home/carissa/Desktop/part2/install/project_one/share/project_one//scripts
[0.102s] -- Up-to-date: /home/carissa/Desktop/part2/install/project_one/share/project_one//scripts/proportional_controller.py
[0.102s] -- Up-to-date: /home/carissa/Desktop/part2/install/project_one/share/project_one//scripts/teleop.pyZone.Identifier
[0.102s] -- Up-to-date: /home/carissa/Desktop/part2/install/project_one/share/project_one//scripts/teleop.py
[0.102s] -- Up-to-date: /home/carissa/Desktop/part2/install/project_one/share/project_one//src
[0.102s] -- Up-to-date: /home/carissa/Desktop/part2/install/project_one/share/project_one//src/odometry_plugin.cpp
[0.102s] -- Up-to-date: /home/carissa/Desktop/part2/install/project_one/include/project_one
[0.102s] -- Up-to-date: /home/carissa/Desktop/part2/install/project_one/lib/project_one/robot_description_publisher.py
[0.102s] -- Up-to-date: /home/carissa/Desktop/part2/install/project_one/lib/project_one/teleop.py
[0.102s] -- Up-to-date: /home/carissa/Desktop/part2/install/project_one/lib/project_one/proportional_controller.py
[0.102s] -- Up-to-date: /home/carissa/Desktop/part2/install/project_one/share/project_one/environment/library_path.sh
[0.102s] -- Up-to-date: /home/carissa/Desktop/part2/install/project_one/share/project_one/environment/library_path.dsv
[0.102s] -- Up-to-date: /home/carissa/Desktop/part2/install/project_one/lib/libodometry_plugin.so
[0.102s] -- Up-to-date: /home/carissa/Desktop/part2/install/project_one/share/ament_index/resource_index/package_run_dependencies/project_one
[0.102s] -- Up-to-date: /home/carissa/Desktop/part2/install/project_one/share/ament_index/resource_index/parent_prefix_path/project_one
[0.102s] -- Up-to-date: /home/carissa/Desktop/part2/install/project_one/share/project_one/environment/ament_prefix_path.sh
[0.102s] -- Up-to-date: /home/carissa/Desktop/part2/install/project_one/share/project_one/environment/ament_prefix_path.dsv
[0.102s] -- Up-to-date: /home/carissa/Desktop/part2/install/project_one/share/project_one/environment/path.sh
[0.102s] -- Up-to-date: /home/carissa/Desktop/part2/install/project_one/share/project_one/environment/path.dsv
[0.102s] -- Up-to-date: /home/carissa/Desktop/part2/install/project_one/share/project_one/local_setup.bash
[0.102s] -- Up-to-date: /home/carissa/Desktop/part2/install/project_one/share/project_one/local_setup.sh
[0.102s] -- Up-to-date: /home/carissa/Desktop/part2/install/project_one/share/project_one/local_setup.zsh
[0.103s] -- Up-to-date: /home/carissa/Desktop/part2/install/project_one/share/project_one/local_setup.dsv
[0.103s] -- Installing: /home/carissa/Desktop/part2/install/project_one/share/project_one/package.dsv
[0.103s] -- Up-to-date: /home/carissa/Desktop/part2/install/project_one/share/ament_index/resource_index/packages/project_one
[0.103s] -- Up-to-date: /home/carissa/Desktop/part2/install/project_one/share/project_one/cmake/ament_cmake_export_libraries-extras.cmake
[0.103s] -- Up-to-date: /home/carissa/Desktop/part2/install/project_one/share/project_one/cmake/project_oneConfig.cmake
[0.103s] -- Up-to-date: /home/carissa/Desktop/part2/install/project_one/share/project_one/cmake/project_oneConfig-version.cmake
[0.103s] -- Up-to-date: /home/carissa/Desktop/part2/install/project_one/share/project_one/package.xml
[0.103s] Invoked command in '/home/carissa/Desktop/part2/build/project_one' returned '0': CMAKE_PREFIX_PATH=${CMAKE_PREFIX_PATH}:/opt/ros/humble /usr/bin/cmake --install /home/carissa/Desktop/part2/build/project_one
