[0.015s] Invoking command in '/home/carissa/Desktop/part2/build/project_one': CMAKE_PREFIX_PATH=${CMAKE_PREFIX_PATH}:/opt/ros/humble /usr/bin/cmake --build /home/carissa/Desktop/part2/build/project_one -- -j20 -l20
[0.040s] -- Found ament_cmake: 1.3.10 (/opt/ros/humble/share/ament_cmake/cmake)
[0.131s] -- Found robot_state_publisher: 3.0.3 (/opt/ros/humble/share/robot_state_publisher/cmake)
[0.153s] -- Found rosidl_generator_c: 3.1.5 (/opt/ros/humble/share/rosidl_generator_c/cmake)
[0.155s] -- Found rosidl_adapter: 3.1.5 (/opt/ros/humble/share/rosidl_adapter/cmake)
[0.160s] -- Found rosidl_generator_cpp: 3.1.5 (/opt/ros/humble/share/rosidl_generator_cpp/cmake)
[0.168s] -- Using all available rosidl_typesupport_c: rosidl_typesupport_fastrtps_c;rosidl_typesupport_introspection_c
[0.177s] -- Using all available rosidl_typesupport_cpp: rosidl_typesupport_fastrtps_cpp;rosidl_typesupport_introspection_cpp
[0.210s] -- Found eigen3_cmake_module: 0.1.1 (/opt/ros/humble/share/eigen3_cmake_module/cmake)
[0.211s] -- Ensuring Eigen3 include directory is part of orocos-kdl CMake target
[0.240s] -- Found rmw_implementation_cmake: 6.1.2 (/opt/ros/humble/share/rmw_implementation_cmake/cmake)
[0.241s] -- Found rmw_fastrtps_cpp: 6.2.7 (/opt/ros/humble/share/rmw_fastrtps_cpp/cmake)
[0.321s] -- Using RMW implementation 'rmw_fastrtps_cpp' as default
[0.444s] -- Found xacro: 2.0.8 (/opt/ros/humble/share/xacro/cmake)
[0.444s] -- Found ros2_control: 2.43.1 (/opt/ros/humble/share/ros2_control/cmake)
[0.445s] -- Found rclpy: 3.3.14 (/opt/ros/humble/share/rclpy/cmake)
[0.446s] -- Found nav_msgs: 4.2.4 (/opt/ros/humble/share/nav_msgs/cmake)
[0.464s] [33mCMake Warning (dev) at /usr/share/cmake-3.22/Modules/FindPackageHandleStandardArgs.cmake:438 (message):
[0.464s]   The package name passed to `find_package_handle_standard_args` (PkgConfig)
[0.464s]   does not match the name of the calling package (gazebo).  This can lead to
[0.465s]   problems in calling code that expects `find_package` result variables
[0.465s]   (e.g., `_FOUND`) to follow a certain pattern.
[0.465s] Call Stack (most recent call first):
[0.465s]   /usr/share/cmake-3.22/Modules/FindPkgConfig.cmake:99 (find_package_handle_standard_args)
[0.465s]   /usr/lib/x86_64-linux-gnu/cmake/gazebo/gazebo-config.cmake:72 (include)
[0.465s]   CMakeLists.txt:20 (find_package)
[0.465s] This warning is for project developers.  Use -Wno-dev to suppress it.
[0.465s] [0m
[0.465s] -- Found PkgConfig: /usr/bin/pkg-config (found version "0.29.2") 
[0.465s] -- Checking for module 'bullet>=2.82'
[0.475s] --   Found bullet, version 3.05
[0.547s] -- Found fcl: /usr/include (found suitable version "0.7.0", minimum required is "0.5.0") 
[0.585s] -- Found assimp: /usr/include (found version "5.2.0") 
[0.604s] -- Found DART: /usr/include (Required is at least version "6.6") found components: dart 
[0.626s] -- Found Boost: /usr/lib/x86_64-linux-gnu/cmake/Boost-1.74.0/BoostConfig.cmake (found suitable version "1.74.0", minimum required is "1.40.0") found components: thread system filesystem program_options regex iostreams date_time 
[0.638s] -- Found Protobuf: /usr/lib/x86_64-linux-gnu/libprotobuf.so (found version "3.12.4") 
[0.642s] -- Looking for ignition-math6 -- found version 6.15.1
[0.649s] -- Searching for dependencies of ignition-math6
[0.651s] -- Looking for OGRE...
[0.651s] -- OGRE_PREFIX_WATCH changed.
[0.655s] -- Checking for module 'OGRE'
[0.665s] --   Found OGRE, version 1.9.0
[0.689s] -- Found Ogre Ghadamon (1.9.0)
[0.694s] -- Found OGRE: optimized;/usr/lib/x86_64-linux-gnu/libOgreMain.so;debug;/usr/lib/x86_64-linux-gnu/libOgreMain.so
[0.700s] -- Looking for OGRE_Paging...
[0.704s] -- Found OGRE_Paging: optimized;/usr/lib/x86_64-linux-gnu/libOgrePaging.so;debug;/usr/lib/x86_64-linux-gnu/libOgrePaging.so
[0.704s] -- Looking for OGRE_Terrain...
[0.707s] -- Found OGRE_Terrain: optimized;/usr/lib/x86_64-linux-gnu/libOgreTerrain.so;debug;/usr/lib/x86_64-linux-gnu/libOgreTerrain.so
[0.707s] -- Looking for OGRE_Property...
[0.710s] -- Found OGRE_Property: optimized;/usr/lib/x86_64-linux-gnu/libOgreProperty.so;debug;/usr/lib/x86_64-linux-gnu/libOgreProperty.so
[0.710s] -- Looking for OGRE_RTShaderSystem...
[0.713s] -- Found OGRE_RTShaderSystem: optimized;/usr/lib/x86_64-linux-gnu/libOgreRTShaderSystem.so;debug;/usr/lib/x86_64-linux-gnu/libOgreRTShaderSystem.so
[0.713s] -- Looking for OGRE_Volume...
[0.716s] -- Found OGRE_Volume: optimized;/usr/lib/x86_64-linux-gnu/libOgreVolume.so;debug;/usr/lib/x86_64-linux-gnu/libOgreVolume.so
[0.716s] -- Looking for OGRE_Overlay...
[0.719s] -- Found OGRE_Overlay: optimized;/usr/lib/x86_64-linux-gnu/libOgreOverlay.so;debug;/usr/lib/x86_64-linux-gnu/libOgreOverlay.so
[0.780s] -- Looking for ignition-math6 -- found version 6.15.1
[0.782s] -- Looking for ignition-transport8 -- found version 8.2.1
[0.782s] -- Searching for dependencies of ignition-transport8
[0.794s] -- Found Protobuf: /usr/lib/x86_64-linux-gnu/libprotobuf.so (found suitable version "3.12.4", minimum required is "3") 
[0.801s] -- Config-file not installed for ZeroMQ -- checking for pkg-config
[0.804s] -- Checking for module 'libzmq >= 4'
[0.816s] --   Found libzmq , version 4.3.4
[0.844s] -- Found ZeroMQ: TRUE (Required is at least version "4") 
[0.848s] -- Checking for module 'uuid'
[0.858s] --   Found uuid, version 2.37.2
[0.883s] -- Found UUID: TRUE  
[0.885s] -- Looking for ignition-msgs5 -- found version 5.8.1
[0.886s] -- Searching for dependencies of ignition-msgs5
[0.898s] -- Looking for ignition-math6 -- found version 6.15.1
[0.902s] -- Checking for module 'tinyxml2'
[0.912s] --   Found tinyxml2, version 9.0.0
[0.940s] -- Looking for ignition-msgs5 -- found version 5.8.1
[0.941s] -- Looking for ignition-common3 -- found version 3.14.0
[0.942s] -- Searching for dependencies of ignition-common3
[0.942s] -- Looking for dlfcn.h - found
[0.943s] -- Looking for libdl - found
[0.944s] -- Found DL: TRUE  
[0.953s] -- Found tinyobjloader: /usr/lib/x86_64-linux-gnu/cmake/tinyobjloader/tinyobjloader-config.cmake (found version "2.0.0") 
[0.953s] -- Searching for <ignition-common3> component [graphics]
[0.955s] -- Looking for ignition-common3-graphics -- found version 3.14.0
[0.955s] -- Searching for dependencies of ignition-common3-graphics
[0.955s] -- Looking for ignition-math6 -- found version 6.15.1
[0.957s] -- Looking for ignition-fuel_tools4 -- found version 4.4.0
[0.957s] -- Searching for dependencies of ignition-fuel_tools4
[1.015s] -- Found CURL: /usr/lib/x86_64-linux-gnu/libcurl.so (found version "7.81.0")  
[1.022s] -- Checking for module 'jsoncpp'
[1.031s] --   Found jsoncpp, version 1.9.5
[1.056s] -- Found JSONCPP: TRUE  
[1.060s] -- Checking for module 'libzip'
[1.069s] --   Found libzip, version 1.7.3
[1.095s] -- Found ZIP: TRUE  
[1.096s] -- Looking for ignition-common3 -- found version 3.14.0
[1.096s] -- Looking for ignition-math6 -- found version 6.15.1
[1.097s] -- Looking for ignition-msgs5 -- found version 5.8.1
[1.102s] -- Found gazebo_ros: 3.7.0 (/opt/ros/humble/share/gazebo_ros/cmake)
[1.106s] -- Gazebo version: 11.10
[1.106s] -- Checking for module 'tbb'
[1.116s] --   Found tbb, version 2021.5.0
[1.144s] -- Found ament_lint_auto: 0.12.11 (/opt/ros/humble/share/ament_lint_auto/cmake)
[1.198s] -- Added test 'copyright' to check source files copyright and LICENSE
[1.199s] -- Added test 'cppcheck' to perform static code analysis on C / C++ code
[1.199s] -- Configured cppcheck include dirs: /home/carissa/Desktop/part2/src/project_one/include
[1.199s] -- Configured cppcheck exclude dirs and/or files: 
[1.201s] -- Added test 'cpplint' to check C / C++ code against the Google style
[1.201s] -- Configured cpplint exclude dirs and/or files: 
[1.202s] -- Added test 'flake8' to check Python code syntax and style conventions
[1.202s] -- Added test 'lint_cmake' to check CMake code style
[1.203s] -- Added test 'pep257' to check Python code against some of the docstring style conventions in PEP 257
[1.204s] -- Added test 'uncrustify' to check C / C++ code style
[1.204s] -- Configured uncrustify additional arguments: 
[1.205s] -- Added test 'xmllint' to check XML markup files
[1.205s] -- Configuring done
[1.220s] -- Generating done
[1.221s] -- Build files have been written to: /home/carissa/Desktop/part2/build/project_one
[1.250s] [ 50%] [32mBuilding CXX object CMakeFiles/odometry_plugin.dir/src/odometry_plugin.cpp.o[0m
[9.231s] [100%] [32m[1mLinking CXX shared library libodometry_plugin.so[0m
[9.571s] [100%] Built target odometry_plugin
[9.580s] Invoked command in '/home/carissa/Desktop/part2/build/project_one' returned '0': CMAKE_PREFIX_PATH=${CMAKE_PREFIX_PATH}:/opt/ros/humble /usr/bin/cmake --build /home/carissa/Desktop/part2/build/project_one -- -j20 -l20
[9.605s] Invoking command in '/home/carissa/Desktop/part2/build/project_one': CMAKE_PREFIX_PATH=${CMAKE_PREFIX_PATH}:/opt/ros/humble /usr/bin/cmake --install /home/carissa/Desktop/part2/build/project_one
[9.611s] -- Install configuration: ""
[9.611s] -- Up-to-date: /home/carissa/Desktop/part2/install/project_one/share/project_one//urdf
[9.611s] -- Up-to-date: /home/carissa/Desktop/part2/install/project_one/share/project_one//urdf/toy_car.csv
[9.611s] -- Installing: /home/carissa/Desktop/part2/install/project_one/share/project_one//urdf/toy_car.urdf.xacro
[9.611s] -- Up-to-date: /home/carissa/Desktop/part2/install/project_one/share/project_one//urdf/toy_car.csvZone.Identifier
[9.611s] -- Up-to-date: /home/carissa/Desktop/part2/install/project_one/share/project_one//urdf/toy_car.urdf.xacroZone.Identifier
[9.611s] -- Up-to-date: /home/carissa/Desktop/part2/install/project_one/share/project_one//meshes
[9.612s] -- Up-to-date: /home/carissa/Desktop/part2/install/project_one/share/project_one//meshes/back_left_tire_link.STL
[9.612s] -- Up-to-date: /home/carissa/Desktop/part2/install/project_one/share/project_one//meshes/back_right_tire_link.STLZone.Identifier
[9.612s] -- Up-to-date: /home/carissa/Desktop/part2/install/project_one/share/project_one//meshes/back_left_tire_link.STLZone.Identifier
[9.612s] -- Up-to-date: /home/carissa/Desktop/part2/install/project_one/share/project_one//meshes/trailer_right_tire_link.STLZone.Identifier
[9.612s] -- Up-to-date: /home/carissa/Desktop/part2/install/project_one/share/project_one//meshes/left_steer_link.STLZone.Identifier
[9.612s] -- Up-to-date: /home/carissa/Desktop/part2/install/project_one/share/project_one//meshes/right_steer_link.STLZone.Identifier
[9.612s] -- Up-to-date: /home/carissa/Desktop/part2/install/project_one/share/project_one//meshes/front_right_tire_link.STL
[9.612s] -- Up-to-date: /home/carissa/Desktop/part2/install/project_one/share/project_one//meshes/front_left_tire_link.STL
[9.612s] -- Up-to-date: /home/carissa/Desktop/part2/install/project_one/share/project_one//meshes/base_link.STL
[9.612s] -- Up-to-date: /home/carissa/Desktop/part2/install/project_one/share/project_one//meshes/trailer_left_tire_link.STLZone.Identifier
[9.612s] -- Up-to-date: /home/carissa/Desktop/part2/install/project_one/share/project_one//meshes/lidar_link.STLZone.Identifier
[9.612s] -- Up-to-date: /home/carissa/Desktop/part2/install/project_one/share/project_one//meshes/trailer_link.STL
[9.612s] -- Up-to-date: /home/carissa/Desktop/part2/install/project_one/share/project_one//meshes/trailer_left_tire_link.STL
[9.612s] -- Up-to-date: /home/carissa/Desktop/part2/install/project_one/share/project_one//meshes/front_right_axle_link.STLZone.Identifier
[9.612s] -- Up-to-date: /home/carissa/Desktop/part2/install/project_one/share/project_one//meshes/back_right_tire_link.STL
[9.612s] -- Up-to-date: /home/carissa/Desktop/part2/install/project_one/share/project_one//meshes/front_left_axle_link.STLZone.Identifier
[9.612s] -- Up-to-date: /home/carissa/Desktop/part2/install/project_one/share/project_one//meshes/left_steer_link.STL
[9.612s] -- Up-to-date: /home/carissa/Desktop/part2/install/project_one/share/project_one//meshes/trailer_right_axle_link.STLZone.Identifier
[9.612s] -- Up-to-date: /home/carissa/Desktop/part2/install/project_one/share/project_one//meshes/back_left_axle_link.STL
[9.612s] -- Up-to-date: /home/carissa/Desktop/part2/install/project_one/share/project_one//meshes/trailer_link.STLZone.Identifier
[9.612s] -- Up-to-date: /home/carissa/Desktop/part2/install/project_one/share/project_one//meshes/front_left_tire_link.STLZone.Identifier
[9.612s] -- Up-to-date: /home/carissa/Desktop/part2/install/project_one/share/project_one//meshes/trailer_left_axle_link.STL
[9.612s] -- Up-to-date: /home/carissa/Desktop/part2/install/project_one/share/project_one//meshes/back_left_axle_link.STLZone.Identifier
[9.612s] -- Up-to-date: /home/carissa/Desktop/part2/install/project_one/share/project_one//meshes/back_right_axle_link.STL
[9.612s] -- Up-to-date: /home/carissa/Desktop/part2/install/project_one/share/project_one//meshes/trailer_left_axle_link.STLZone.Identifier
[9.612s] -- Up-to-date: /home/carissa/Desktop/part2/install/project_one/share/project_one//meshes/back_right_axle_link.STLZone.Identifier
[9.612s] -- Up-to-date: /home/carissa/Desktop/part2/install/project_one/share/project_one//meshes/trailer_right_tire_link.STL
[9.612s] -- Up-to-date: /home/carissa/Desktop/part2/install/project_one/share/project_one//meshes/right_steer_link.STL
[9.612s] -- Up-to-date: /home/carissa/Desktop/part2/install/project_one/share/project_one//meshes/lidar_link.STL
[9.612s] -- Up-to-date: /home/carissa/Desktop/part2/install/project_one/share/project_one//meshes/trailer_right_axle_link.STL
[9.612s] -- Up-to-date: /home/carissa/Desktop/part2/install/project_one/share/project_one//meshes/front_left_axle_link.STL
[9.612s] -- Up-to-date: /home/carissa/Desktop/part2/install/project_one/share/project_one//meshes/front_right_tire_link.STLZone.Identifier
[9.612s] -- Up-to-date: /home/carissa/Desktop/part2/install/project_one/share/project_one//meshes/front_right_axle_link.STL
[9.612s] -- Up-to-date: /home/carissa/Desktop/part2/install/project_one/share/project_one//meshes/base_link.STLZone.Identifier
[9.613s] -- Up-to-date: /home/carissa/Desktop/part2/install/project_one/share/project_one//launch
[9.613s] -- Up-to-date: /home/carissa/Desktop/part2/install/project_one/share/project_one//launch/debug.launch.py
[9.613s] -- Up-to-date: /home/carissa/Desktop/part2/install/project_one/share/project_one//launch/gazebo.launch.pyZone.Identifier
[9.613s] -- Up-to-date: /home/carissa/Desktop/part2/install/project_one/share/project_one//launch/gazebo.launch.py
[9.613s] -- Up-to-date: /home/carissa/Desktop/part2/install/project_one/share/project_one//launch/display.launch.py
[9.613s] -- Up-to-date: /home/carissa/Desktop/part2/install/project_one/share/project_one//launch/debug.launch.pyZone.Identifier
[9.613s] -- Up-to-date: /home/carissa/Desktop/part2/install/project_one/share/project_one//launch/spawn_robot_ros2.launch.pyZone.Identifier
[9.613s] -- Up-to-date: /home/carissa/Desktop/part2/install/project_one/share/project_one//launch/robot_description_publisher.py
[9.613s] -- Up-to-date: /home/carissa/Desktop/part2/install/project_one/share/project_one//launch/display.launch.pyZone.Identifier
[9.613s] -- Up-to-date: /home/carissa/Desktop/part2/install/project_one/share/project_one//launch/robot_description_publisher.pyZone.Identifier
[9.613s] -- Up-to-date: /home/carissa/Desktop/part2/install/project_one/share/project_one//launch/spawn_robot_ros2.launch.py
[9.613s] -- Up-to-date: /home/carissa/Desktop/part2/install/project_one/share/project_one//worlds
[9.613s] -- Up-to-date: /home/carissa/Desktop/part2/install/project_one/share/project_one//worlds/empty_world.worldZone.Identifier
[9.613s] -- Up-to-date: /home/carissa/Desktop/part2/install/project_one/share/project_one//worlds/empty_world.world
[9.613s] -- Up-to-date: /home/carissa/Desktop/part2/install/project_one/share/project_one//config
[9.613s] -- Up-to-date: /home/carissa/Desktop/part2/install/project_one/share/project_one//config/control.yamlZone.Identifier
[9.613s] -- Up-to-date: /home/carissa/Desktop/part2/install/project_one/share/project_one//config/control.yaml
[9.613s] -- Up-to-date: /home/carissa/Desktop/part2/install/project_one/share/project_one//rviz
[9.613s] -- Up-to-date: /home/carissa/Desktop/part2/install/project_one/share/project_one//rviz/display_default.rviz
[9.613s] -- Up-to-date: /home/carissa/Desktop/part2/install/project_one/share/project_one//rviz/display_default.rvizZone.Identifier
[9.613s] -- Up-to-date: /home/carissa/Desktop/part2/install/project_one/share/project_one//scripts
[9.613s] -- Up-to-date: /home/carissa/Desktop/part2/install/project_one/share/project_one//scripts/proportional_controller.py
[9.613s] -- Up-to-date: /home/carissa/Desktop/part2/install/project_one/share/project_one//scripts/teleop.pyZone.Identifier
[9.613s] -- Up-to-date: /home/carissa/Desktop/part2/install/project_one/share/project_one//scripts/teleop.py
[9.613s] -- Installing: /home/carissa/Desktop/part2/install/project_one/share/project_one//src
[9.613s] -- Installing: /home/carissa/Desktop/part2/install/project_one/share/project_one//src/odometry_plugin.cpp
[9.613s] -- Up-to-date: /home/carissa/Desktop/part2/install/project_one/include/project_one
[9.613s] -- Up-to-date: /home/carissa/Desktop/part2/install/project_one/lib/project_one/robot_description_publisher.py
[9.613s] -- Up-to-date: /home/carissa/Desktop/part2/install/project_one/lib/project_one/teleop.py
[9.613s] -- Up-to-date: /home/carissa/Desktop/part2/install/project_one/lib/project_one/proportional_controller.py
[9.614s] -- Installing: /home/carissa/Desktop/part2/install/project_one/share/project_one/environment/library_path.sh
[9.614s] -- Installing: /home/carissa/Desktop/part2/install/project_one/share/project_one/environment/library_path.dsv
[9.614s] -- Installing: /home/carissa/Desktop/part2/install/project_one/lib/libodometry_plugin.so
[9.614s] -- Set runtime path of "/home/carissa/Desktop/part2/install/project_one/lib/libodometry_plugin.so" to ""
[9.614s] -- Up-to-date: /home/carissa/Desktop/part2/install/project_one/share/ament_index/resource_index/package_run_dependencies/project_one
[9.614s] -- Installing: /home/carissa/Desktop/part2/install/project_one/share/ament_index/resource_index/parent_prefix_path/project_one
[9.615s] -- Up-to-date: /home/carissa/Desktop/part2/install/project_one/share/project_one/environment/ament_prefix_path.sh
[9.615s] -- Installing: /home/carissa/Desktop/part2/install/project_one/share/project_one/environment/ament_prefix_path.dsv
[9.615s] -- Up-to-date: /home/carissa/Desktop/part2/install/project_one/share/project_one/environment/path.sh
[9.615s] -- Installing: /home/carissa/Desktop/part2/install/project_one/share/project_one/environment/path.dsv
[9.615s] -- Up-to-date: /home/carissa/Desktop/part2/install/project_one/share/project_one/local_setup.bash
[9.615s] -- Installing: /home/carissa/Desktop/part2/install/project_one/share/project_one/local_setup.sh
[9.615s] -- Up-to-date: /home/carissa/Desktop/part2/install/project_one/share/project_one/local_setup.zsh
[9.615s] -- Installing: /home/carissa/Desktop/part2/install/project_one/share/project_one/local_setup.dsv
[9.615s] -- Installing: /home/carissa/Desktop/part2/install/project_one/share/project_one/package.dsv
[9.615s] -- Up-to-date: /home/carissa/Desktop/part2/install/project_one/share/ament_index/resource_index/packages/project_one
[9.615s] -- Installing: /home/carissa/Desktop/part2/install/project_one/share/project_one/cmake/ament_cmake_export_libraries-extras.cmake
[9.615s] -- Installing: /home/carissa/Desktop/part2/install/project_one/share/project_one/cmake/project_oneConfig.cmake
[9.615s] -- Up-to-date: /home/carissa/Desktop/part2/install/project_one/share/project_one/cmake/project_oneConfig-version.cmake
[9.615s] -- Installing: /home/carissa/Desktop/part2/install/project_one/share/project_one/package.xml
[9.617s] Invoked command in '/home/carissa/Desktop/part2/build/project_one' returned '0': CMAKE_PREFIX_PATH=${CMAKE_PREFIX_PATH}:/opt/ros/humble /usr/bin/cmake --install /home/carissa/Desktop/part2/build/project_one
