[0.014s] Invoking command in '/home/carissa/Desktop/part2/build/project_one': CMAKE_PREFIX_PATH=${CMAKE_PREFIX_PATH}:/opt/ros/humble /usr/bin/cmake --build /home/carissa/Desktop/part2/build/project_one -- -j20 -l20
[0.033s] -- Found ament_cmake: 1.3.10 (/opt/ros/humble/share/ament_cmake/cmake)
[0.116s] -- Found robot_state_publisher: 3.0.3 (/opt/ros/humble/share/robot_state_publisher/cmake)
[0.130s] -- Found rosidl_generator_c: 3.1.5 (/opt/ros/humble/share/rosidl_generator_c/cmake)
[0.132s] -- Found rosidl_adapter: 3.1.5 (/opt/ros/humble/share/rosidl_adapter/cmake)
[0.135s] -- Found rosidl_generator_cpp: 3.1.5 (/opt/ros/humble/share/rosidl_generator_cpp/cmake)
[0.141s] -- Using all available rosidl_typesupport_c: rosidl_typesupport_fastrtps_c;rosidl_typesupport_introspection_c
[0.148s] -- Using all available rosidl_typesupport_cpp: rosidl_typesupport_fastrtps_cpp;rosidl_typesupport_introspection_cpp
[0.170s] -- Found eigen3_cmake_module: 0.1.1 (/opt/ros/humble/share/eigen3_cmake_module/cmake)
[0.171s] -- Ensuring Eigen3 include directory is part of orocos-kdl CMake target
[0.190s] -- Found rmw_implementation_cmake: 6.1.2 (/opt/ros/humble/share/rmw_implementation_cmake/cmake)
[0.190s] -- Found rmw_fastrtps_cpp: 6.2.7 (/opt/ros/humble/share/rmw_fastrtps_cpp/cmake)
[0.253s] -- Using RMW implementation 'rmw_fastrtps_cpp' as default
[0.347s] -- Found xacro: 2.0.8 (/opt/ros/humble/share/xacro/cmake)
[0.347s] -- Found ros2_control: 2.43.1 (/opt/ros/humble/share/ros2_control/cmake)
[0.347s] -- Found rclpy: 3.3.14 (/opt/ros/humble/share/rclpy/cmake)
[0.348s] -- Found nav_msgs: 4.2.4 (/opt/ros/humble/share/nav_msgs/cmake)
[0.357s] -- Found gazebo_ros: 3.7.0 (/opt/ros/humble/share/gazebo_ros/cmake)
[0.379s] -- Found DART: /usr/include (Required is at least version "6.6") found components: dart 
[0.398s] -- Found Protobuf: /usr/lib/x86_64-linux-gnu/libprotobuf.so (found version "3.12.4") 
[0.399s] -- Looking for ignition-math6 -- found version 6.15.1
[0.402s] -- Searching for dependencies of ignition-math6
[0.403s] -- Looking for OGRE...
[0.407s] -- Found Ogre Ghadamon (1.9.0)
[0.407s] -- Found OGRE: optimized;/usr/lib/x86_64-linux-gnu/libOgreMain.so;debug;/usr/lib/x86_64-linux-gnu/libOgreMain.so
[0.414s] -- Looking for OGRE_Paging...
[0.414s] -- Found OGRE_Paging: optimized;/usr/lib/x86_64-linux-gnu/libOgrePaging.so;debug;/usr/lib/x86_64-linux-gnu/libOgrePaging.so
[0.414s] -- Looking for OGRE_Terrain...
[0.414s] -- Found OGRE_Terrain: optimized;/usr/lib/x86_64-linux-gnu/libOgreTerrain.so;debug;/usr/lib/x86_64-linux-gnu/libOgreTerrain.so
[0.414s] -- Looking for OGRE_Property...
[0.414s] -- Found OGRE_Property: optimized;/usr/lib/x86_64-linux-gnu/libOgreProperty.so;debug;/usr/lib/x86_64-linux-gnu/libOgreProperty.so
[0.414s] -- Looking for OGRE_RTShaderSystem...
[0.414s] -- Found OGRE_RTShaderSystem: optimized;/usr/lib/x86_64-linux-gnu/libOgreRTShaderSystem.so;debug;/usr/lib/x86_64-linux-gnu/libOgreRTShaderSystem.so
[0.414s] -- Looking for OGRE_Volume...
[0.414s] -- Found OGRE_Volume: optimized;/usr/lib/x86_64-linux-gnu/libOgreVolume.so;debug;/usr/lib/x86_64-linux-gnu/libOgreVolume.so
[0.415s] -- Looking for OGRE_Overlay...
[0.415s] -- Found OGRE_Overlay: optimized;/usr/lib/x86_64-linux-gnu/libOgreOverlay.so;debug;/usr/lib/x86_64-linux-gnu/libOgreOverlay.so
[0.471s] -- Looking for ignition-math6 -- found version 6.15.1
[0.471s] -- Looking for ignition-transport8 -- found version 8.2.1
[0.471s] -- Searching for dependencies of ignition-transport8
[0.483s] -- Found Protobuf: /usr/lib/x86_64-linux-gnu/libprotobuf.so (found suitable version "3.12.4", minimum required is "3") 
[0.489s] -- Config-file not installed for ZeroMQ -- checking for pkg-config
[0.493s] -- Checking for module 'libzmq >= 4'
[0.504s] --   Found libzmq , version 4.3.4
[0.534s] -- Checking for module 'uuid'
[0.544s] --   Found uuid, version 2.37.2
[0.568s] -- Looking for ignition-msgs5 -- found version 5.8.1
[0.568s] -- Searching for dependencies of ignition-msgs5
[0.581s] -- Looking for ignition-math6 -- found version 6.15.1
[0.587s] -- Looking for ignition-msgs5 -- found version 5.8.1
[0.587s] -- Looking for ignition-common3 -- found version 3.14.0
[0.587s] -- Searching for dependencies of ignition-common3
[0.587s] -- Looking for dlfcn.h - found
[0.587s] -- Looking for libdl - found
[0.596s] -- Searching for <ignition-common3> component [graphics]
[0.596s] -- Looking for ignition-common3-graphics -- found version 3.14.0
[0.596s] -- Searching for dependencies of ignition-common3-graphics
[0.597s] -- Looking for ignition-math6 -- found version 6.15.1
[0.597s] -- Looking for ignition-fuel_tools4 -- found version 4.4.0
[0.598s] -- Searching for dependencies of ignition-fuel_tools4
[0.623s] -- Checking for module 'jsoncpp'
[0.633s] --   Found jsoncpp, version 1.9.5
[0.661s] -- Checking for module 'libzip'
[0.670s] --   Found libzip, version 1.7.3
[0.695s] -- Looking for ignition-common3 -- found version 3.14.0
[0.695s] -- Looking for ignition-math6 -- found version 6.15.1
[0.695s] -- Looking for ignition-msgs5 -- found version 5.8.1
[0.696s] -- Gazebo version: 11.10
[0.700s] -- Found ament_lint_auto: 0.12.11 (/opt/ros/humble/share/ament_lint_auto/cmake)
[0.754s] -- Added test 'copyright' to check source files copyright and LICENSE
[0.755s] -- Added test 'cppcheck' to perform static code analysis on C / C++ code
[0.755s] -- Configured cppcheck include dirs: /home/carissa/Desktop/part2/src/project_one/include
[0.755s] -- Configured cppcheck exclude dirs and/or files: 
[0.757s] -- Added test 'cpplint' to check C / C++ code against the Google style
[0.757s] -- Configured cpplint exclude dirs and/or files: 
[0.757s] -- Added test 'flake8' to check Python code syntax and style conventions
[0.757s] -- Added test 'lint_cmake' to check CMake code style
[0.757s] -- Added test 'pep257' to check Python code against some of the docstring style conventions in PEP 257
[0.759s] -- Added test 'uncrustify' to check C / C++ code style
[0.759s] -- Configured uncrustify additional arguments: 
[0.759s] -- Added test 'xmllint' to check XML markup files
[0.760s] -- Configuring done
[0.773s] -- Generating done
[0.774s] -- Build files have been written to: /home/carissa/Desktop/part2/build/project_one
[0.798s] [35m[1mConsolidate compiler generated dependencies of target odometry_plugin[0m
[0.818s] [100%] Built target odometry_plugin
[0.825s] Invoked command in '/home/carissa/Desktop/part2/build/project_one' returned '0': CMAKE_PREFIX_PATH=${CMAKE_PREFIX_PATH}:/opt/ros/humble /usr/bin/cmake --build /home/carissa/Desktop/part2/build/project_one -- -j20 -l20
[0.850s] Invoking command in '/home/carissa/Desktop/part2/build/project_one': CMAKE_PREFIX_PATH=${CMAKE_PREFIX_PATH}:/opt/ros/humble /usr/bin/cmake --install /home/carissa/Desktop/part2/build/project_one
[0.857s] -- Install configuration: ""
[0.857s] -- Up-to-date: /home/carissa/Desktop/part2/install/project_one/share/project_one//urdf
[0.857s] -- Up-to-date: /home/carissa/Desktop/part2/install/project_one/share/project_one//urdf/toy_car.csv
[0.857s] -- Up-to-date: /home/carissa/Desktop/part2/install/project_one/share/project_one//urdf/toy_car.urdf.xacro
[0.857s] -- Up-to-date: /home/carissa/Desktop/part2/install/project_one/share/project_one//urdf/toy_car.csvZone.Identifier
[0.857s] -- Up-to-date: /home/carissa/Desktop/part2/install/project_one/share/project_one//urdf/toy_car.urdf.xacroZone.Identifier
[0.857s] -- Up-to-date: /home/carissa/Desktop/part2/install/project_one/share/project_one//meshes
[0.857s] -- Up-to-date: /home/carissa/Desktop/part2/install/project_one/share/project_one//meshes/back_left_tire_link.STL
[0.857s] -- Up-to-date: /home/carissa/Desktop/part2/install/project_one/share/project_one//meshes/back_right_tire_link.STLZone.Identifier
[0.858s] -- Up-to-date: /home/carissa/Desktop/part2/install/project_one/share/project_one//meshes/back_left_tire_link.STLZone.Identifier
[0.858s] -- Up-to-date: /home/carissa/Desktop/part2/install/project_one/share/project_one//meshes/trailer_right_tire_link.STLZone.Identifier
[0.858s] -- Up-to-date: /home/carissa/Desktop/part2/install/project_one/share/project_one//meshes/left_steer_link.STLZone.Identifier
[0.858s] -- Up-to-date: /home/carissa/Desktop/part2/install/project_one/share/project_one//meshes/right_steer_link.STLZone.Identifier
[0.858s] -- Up-to-date: /home/carissa/Desktop/part2/install/project_one/share/project_one//meshes/front_right_tire_link.STL
[0.858s] -- Up-to-date: /home/carissa/Desktop/part2/install/project_one/share/project_one//meshes/front_left_tire_link.STL
[0.858s] -- Up-to-date: /home/carissa/Desktop/part2/install/project_one/share/project_one//meshes/base_link.STL
[0.858s] -- Up-to-date: /home/carissa/Desktop/part2/install/project_one/share/project_one//meshes/trailer_left_tire_link.STLZone.Identifier
[0.858s] -- Up-to-date: /home/carissa/Desktop/part2/install/project_one/share/project_one//meshes/lidar_link.STLZone.Identifier
[0.858s] -- Up-to-date: /home/carissa/Desktop/part2/install/project_one/share/project_one//meshes/trailer_link.STL
[0.858s] -- Up-to-date: /home/carissa/Desktop/part2/install/project_one/share/project_one//meshes/trailer_left_tire_link.STL
[0.858s] -- Up-to-date: /home/carissa/Desktop/part2/install/project_one/share/project_one//meshes/front_right_axle_link.STLZone.Identifier
[0.858s] -- Up-to-date: /home/carissa/Desktop/part2/install/project_one/share/project_one//meshes/back_right_tire_link.STL
[0.858s] -- Up-to-date: /home/carissa/Desktop/part2/install/project_one/share/project_one//meshes/front_left_axle_link.STLZone.Identifier
[0.859s] -- Up-to-date: /home/carissa/Desktop/part2/install/project_one/share/project_one//meshes/left_steer_link.STL
[0.859s] -- Up-to-date: /home/carissa/Desktop/part2/install/project_one/share/project_one//meshes/trailer_right_axle_link.STLZone.Identifier
[0.859s] -- Up-to-date: /home/carissa/Desktop/part2/install/project_one/share/project_one//meshes/back_left_axle_link.STL
[0.859s] -- Up-to-date: /home/carissa/Desktop/part2/install/project_one/share/project_one//meshes/trailer_link.STLZone.Identifier
[0.859s] -- Up-to-date: /home/carissa/Desktop/part2/install/project_one/share/project_one//meshes/front_left_tire_link.STLZone.Identifier
[0.859s] -- Up-to-date: /home/carissa/Desktop/part2/install/project_one/share/project_one//meshes/trailer_left_axle_link.STL
[0.859s] -- Up-to-date: /home/carissa/Desktop/part2/install/project_one/share/project_one//meshes/back_left_axle_link.STLZone.Identifier
[0.859s] -- Up-to-date: /home/carissa/Desktop/part2/install/project_one/share/project_one//meshes/back_right_axle_link.STL
[0.859s] -- Up-to-date: /home/carissa/Desktop/part2/install/project_one/share/project_one//meshes/trailer_left_axle_link.STLZone.Identifier
[0.859s] -- Up-to-date: /home/carissa/Desktop/part2/install/project_one/share/project_one//meshes/back_right_axle_link.STLZone.Identifier
[0.859s] -- Up-to-date: /home/carissa/Desktop/part2/install/project_one/share/project_one//meshes/trailer_right_tire_link.STL
[0.859s] -- Up-to-date: /home/carissa/Desktop/part2/install/project_one/share/project_one//meshes/right_steer_link.STL
[0.859s] -- Up-to-date: /home/carissa/Desktop/part2/install/project_one/share/project_one//meshes/lidar_link.STL
[0.859s] -- Up-to-date: /home/carissa/Desktop/part2/install/project_one/share/project_one//meshes/trailer_right_axle_link.STL
[0.859s] -- Up-to-date: /home/carissa/Desktop/part2/install/project_one/share/project_one//meshes/front_left_axle_link.STL
[0.859s] -- Up-to-date: /home/carissa/Desktop/part2/install/project_one/share/project_one//meshes/front_right_tire_link.STLZone.Identifier
[0.859s] -- Up-to-date: /home/carissa/Desktop/part2/install/project_one/share/project_one//meshes/front_right_axle_link.STL
[0.859s] -- Up-to-date: /home/carissa/Desktop/part2/install/project_one/share/project_one//meshes/base_link.STLZone.Identifier
[0.859s] -- Up-to-date: /home/carissa/Desktop/part2/install/project_one/share/project_one//launch
[0.859s] -- Up-to-date: /home/carissa/Desktop/part2/install/project_one/share/project_one//launch/debug.launch.py
[0.859s] -- Up-to-date: /home/carissa/Desktop/part2/install/project_one/share/project_one//launch/gazebo.launch.pyZone.Identifier
[0.859s] -- Up-to-date: /home/carissa/Desktop/part2/install/project_one/share/project_one//launch/gazebo.launch.py
[0.859s] -- Up-to-date: /home/carissa/Desktop/part2/install/project_one/share/project_one//launch/display.launch.py
[0.859s] -- Up-to-date: /home/carissa/Desktop/part2/install/project_one/share/project_one//launch/debug.launch.pyZone.Identifier
[0.859s] -- Up-to-date: /home/carissa/Desktop/part2/install/project_one/share/project_one//launch/spawn_robot_ros2.launch.pyZone.Identifier
[0.859s] -- Up-to-date: /home/carissa/Desktop/part2/install/project_one/share/project_one//launch/robot_description_publisher.py
[0.859s] -- Up-to-date: /home/carissa/Desktop/part2/install/project_one/share/project_one//launch/display.launch.pyZone.Identifier
[0.859s] -- Up-to-date: /home/carissa/Desktop/part2/install/project_one/share/project_one//launch/robot_description_publisher.pyZone.Identifier
[0.859s] -- Up-to-date: /home/carissa/Desktop/part2/install/project_one/share/project_one//launch/spawn_robot_ros2.launch.py
[0.859s] -- Up-to-date: /home/carissa/Desktop/part2/install/project_one/share/project_one//worlds
[0.859s] -- Up-to-date: /home/carissa/Desktop/part2/install/project_one/share/project_one//worlds/empty_world.worldZone.Identifier
[0.860s] -- Up-to-date: /home/carissa/Desktop/part2/install/project_one/share/project_one//worlds/empty_world.world
[0.860s] -- Up-to-date: /home/carissa/Desktop/part2/install/project_one/share/project_one//config
[0.860s] -- Up-to-date: /home/carissa/Desktop/part2/install/project_one/share/project_one//config/control.yamlZone.Identifier
[0.860s] -- Up-to-date: /home/carissa/Desktop/part2/install/project_one/share/project_one//config/control.yaml
[0.860s] -- Up-to-date: /home/carissa/Desktop/part2/install/project_one/share/project_one//rviz
[0.860s] -- Up-to-date: /home/carissa/Desktop/part2/install/project_one/share/project_one//rviz/display_default.rviz
[0.860s] -- Up-to-date: /home/carissa/Desktop/part2/install/project_one/share/project_one//rviz/display_default.rvizZone.Identifier
[0.860s] -- Up-to-date: /home/carissa/Desktop/part2/install/project_one/share/project_one//scripts
[0.860s] -- Up-to-date: /home/carissa/Desktop/part2/install/project_one/share/project_one//scripts/proportional_controller.py
[0.860s] -- Up-to-date: /home/carissa/Desktop/part2/install/project_one/share/project_one//scripts/teleop.pyZone.Identifier
[0.860s] -- Up-to-date: /home/carissa/Desktop/part2/install/project_one/share/project_one//scripts/teleop.py
[0.860s] -- Up-to-date: /home/carissa/Desktop/part2/install/project_one/share/project_one//src
[0.860s] -- Up-to-date: /home/carissa/Desktop/part2/install/project_one/share/project_one//src/odometry_plugin.cpp
[0.860s] -- Up-to-date: /home/carissa/Desktop/part2/install/project_one/include/project_one
[0.860s] -- Up-to-date: /home/carissa/Desktop/part2/install/project_one/lib/project_one/robot_description_publisher.py
[0.860s] -- Up-to-date: /home/carissa/Desktop/part2/install/project_one/lib/project_one/teleop.py
[0.860s] -- Up-to-date: /home/carissa/Desktop/part2/install/project_one/lib/project_one/proportional_controller.py
[0.860s] -- Up-to-date: /home/carissa/Desktop/part2/install/project_one/share/project_one/environment/library_path.sh
[0.860s] -- Installing: /home/carissa/Desktop/part2/install/project_one/share/project_one/environment/library_path.dsv
[0.860s] -- Up-to-date: /home/carissa/Desktop/part2/install/project_one/lib/libodometry_plugin.so
[0.860s] -- Up-to-date: /home/carissa/Desktop/part2/install/project_one/share/ament_index/resource_index/package_run_dependencies/project_one
[0.860s] -- Up-to-date: /home/carissa/Desktop/part2/install/project_one/share/ament_index/resource_index/parent_prefix_path/project_one
[0.860s] -- Up-to-date: /home/carissa/Desktop/part2/install/project_one/share/project_one/environment/ament_prefix_path.sh
[0.860s] -- Installing: /home/carissa/Desktop/part2/install/project_one/share/project_one/environment/ament_prefix_path.dsv
[0.860s] -- Up-to-date: /home/carissa/Desktop/part2/install/project_one/share/project_one/environment/path.sh
[0.861s] -- Installing: /home/carissa/Desktop/part2/install/project_one/share/project_one/environment/path.dsv
[0.861s] -- Up-to-date: /home/carissa/Desktop/part2/install/project_one/share/project_one/local_setup.bash
[0.861s] -- Up-to-date: /home/carissa/Desktop/part2/install/project_one/share/project_one/local_setup.sh
[0.861s] -- Up-to-date: /home/carissa/Desktop/part2/install/project_one/share/project_one/local_setup.zsh
[0.861s] -- Installing: /home/carissa/Desktop/part2/install/project_one/share/project_one/local_setup.dsv
[0.861s] -- Installing: /home/carissa/Desktop/part2/install/project_one/share/project_one/package.dsv
[0.861s] -- Up-to-date: /home/carissa/Desktop/part2/install/project_one/share/ament_index/resource_index/packages/project_one
[0.861s] -- Up-to-date: /home/carissa/Desktop/part2/install/project_one/share/project_one/cmake/ament_cmake_export_libraries-extras.cmake
[0.861s] -- Up-to-date: /home/carissa/Desktop/part2/install/project_one/share/project_one/cmake/project_oneConfig.cmake
[0.861s] -- Up-to-date: /home/carissa/Desktop/part2/install/project_one/share/project_one/cmake/project_oneConfig-version.cmake
[0.861s] -- Up-to-date: /home/carissa/Desktop/part2/install/project_one/share/project_one/package.xml
[0.862s] Invoked command in '/home/carissa/Desktop/part2/build/project_one' returned '0': CMAKE_PREFIX_PATH=${CMAKE_PREFIX_PATH}:/opt/ros/humble /usr/bin/cmake --install /home/carissa/Desktop/part2/build/project_one
