-- Install configuration: ""
-- Up-to-date: /home/carissa/Desktop/part2/install/project_one/share/project_one//urdf
-- Up-to-date: /home/carissa/Desktop/part2/install/project_one/share/project_one//urdf/toy_car.csv
-- Up-to-date: /home/carissa/Desktop/part2/install/project_one/share/project_one//urdf/toy_car.urdf.xacro
-- Up-to-date: /home/carissa/Desktop/part2/install/project_one/share/project_one//urdf/toy_car.csvZone.Identifier
-- Up-to-date: /home/carissa/Desktop/part2/install/project_one/share/project_one//urdf/toy_car.urdf.xacroZone.Identifier
-- Up-to-date: /home/carissa/Desktop/part2/install/project_one/share/project_one//meshes
-- Up-to-date: /home/carissa/Desktop/part2/install/project_one/share/project_one//meshes/back_left_tire_link.STL
-- Up-to-date: /home/carissa/Desktop/part2/install/project_one/share/project_one//meshes/back_right_tire_link.STLZone.Identifier
-- Up-to-date: /home/carissa/Desktop/part2/install/project_one/share/project_one//meshes/back_left_tire_link.STLZone.Identifier
-- Up-to-date: /home/carissa/Desktop/part2/install/project_one/share/project_one//meshes/trailer_right_tire_link.STLZone.Identifier
-- Up-to-date: /home/carissa/Desktop/part2/install/project_one/share/project_one//meshes/left_steer_link.STLZone.Identifier
-- Up-to-date: /home/carissa/Desktop/part2/install/project_one/share/project_one//meshes/right_steer_link.STLZone.Identifier
-- Up-to-date: /home/carissa/Desktop/part2/install/project_one/share/project_one//meshes/front_right_tire_link.STL
-- Up-to-date: /home/carissa/Desktop/part2/install/project_one/share/project_one//meshes/front_left_tire_link.STL
-- Up-to-date: /home/carissa/Desktop/part2/install/project_one/share/project_one//meshes/base_link.STL
-- Up-to-date: /home/carissa/Desktop/part2/install/project_one/share/project_one//meshes/trailer_left_tire_link.STLZone.Identifier
-- Up-to-date: /home/carissa/Desktop/part2/install/project_one/share/project_one//meshes/lidar_link.STLZone.Identifier
-- Up-to-date: /home/carissa/Desktop/part2/install/project_one/share/project_one//meshes/trailer_link.STL
-- Up-to-date: /home/carissa/Desktop/part2/install/project_one/share/project_one//meshes/trailer_left_tire_link.STL
-- Up-to-date: /home/carissa/Desktop/part2/install/project_one/share/project_one//meshes/front_right_axle_link.STLZone.Identifier
-- Up-to-date: /home/carissa/Desktop/part2/install/project_one/share/project_one//meshes/back_right_tire_link.STL
-- Up-to-date: /home/carissa/Desktop/part2/install/project_one/share/project_one//meshes/front_left_axle_link.STLZone.Identifier
-- Up-to-date: /home/carissa/Desktop/part2/install/project_one/share/project_one//meshes/left_steer_link.STL
-- Up-to-date: /home/carissa/Desktop/part2/install/project_one/share/project_one//meshes/trailer_right_axle_link.STLZone.Identifier
-- Up-to-date: /home/carissa/Desktop/part2/install/project_one/share/project_one//meshes/back_left_axle_link.STL
-- Up-to-date: /home/carissa/Desktop/part2/install/project_one/share/project_one//meshes/trailer_link.STLZone.Identifier
-- Up-to-date: /home/carissa/Desktop/part2/install/project_one/share/project_one//meshes/front_left_tire_link.STLZone.Identifier
-- Up-to-date: /home/carissa/Desktop/part2/install/project_one/share/project_one//meshes/trailer_left_axle_link.STL
-- Up-to-date: /home/carissa/Desktop/part2/install/project_one/share/project_one//meshes/back_left_axle_link.STLZone.Identifier
-- Up-to-date: /home/carissa/Desktop/part2/install/project_one/share/project_one//meshes/back_right_axle_link.STL
-- Up-to-date: /home/carissa/Desktop/part2/install/project_one/share/project_one//meshes/trailer_left_axle_link.STLZone.Identifier
-- Up-to-date: /home/carissa/Desktop/part2/install/project_one/share/project_one//meshes/back_right_axle_link.STLZone.Identifier
-- Up-to-date: /home/carissa/Desktop/part2/install/project_one/share/project_one//meshes/trailer_right_tire_link.STL
-- Up-to-date: /home/carissa/Desktop/part2/install/project_one/share/project_one//meshes/right_steer_link.STL
-- Up-to-date: /home/carissa/Desktop/part2/install/project_one/share/project_one//meshes/lidar_link.STL
-- Up-to-date: /home/carissa/Desktop/part2/install/project_one/share/project_one//meshes/trailer_right_axle_link.STL
-- Up-to-date: /home/carissa/Desktop/part2/install/project_one/share/project_one//meshes/front_left_axle_link.STL
-- Up-to-date: /home/carissa/Desktop/part2/install/project_one/share/project_one//meshes/front_right_tire_link.STLZone.Identifier
-- Up-to-date: /home/carissa/Desktop/part2/install/project_one/share/project_one//meshes/front_right_axle_link.STL
-- Up-to-date: /home/carissa/Desktop/part2/install/project_one/share/project_one//meshes/base_link.STLZone.Identifier
-- Up-to-date: /home/carissa/Desktop/part2/install/project_one/share/project_one//launch
-- Up-to-date: /home/carissa/Desktop/part2/install/project_one/share/project_one//launch/debug.launch.py
-- Up-to-date: /home/carissa/Desktop/part2/install/project_one/share/project_one//launch/gazebo.launch.pyZone.Identifier
-- Up-to-date: /home/carissa/Desktop/part2/install/project_one/share/project_one//launch/gazebo.launch.py
-- Up-to-date: /home/carissa/Desktop/part2/install/project_one/share/project_one//launch/display.launch.py
-- Up-to-date: /home/carissa/Desktop/part2/install/project_one/share/project_one//launch/debug.launch.pyZone.Identifier
-- Up-to-date: /home/carissa/Desktop/part2/install/project_one/share/project_one//launch/spawn_robot_ros2.launch.pyZone.Identifier
-- Up-to-date: /home/carissa/Desktop/part2/install/project_one/share/project_one//launch/robot_description_publisher.py
-- Up-to-date: /home/carissa/Desktop/part2/install/project_one/share/project_one//launch/display.launch.pyZone.Identifier
-- Up-to-date: /home/carissa/Desktop/part2/install/project_one/share/project_one//launch/robot_description_publisher.pyZone.Identifier
-- Up-to-date: /home/carissa/Desktop/part2/install/project_one/share/project_one//launch/spawn_robot_ros2.launch.py
-- Up-to-date: /home/carissa/Desktop/part2/install/project_one/share/project_one//worlds
-- Up-to-date: /home/carissa/Desktop/part2/install/project_one/share/project_one//worlds/empty_world.worldZone.Identifier
-- Up-to-date: /home/carissa/Desktop/part2/install/project_one/share/project_one//worlds/empty_world.world
-- Up-to-date: /home/carissa/Desktop/part2/install/project_one/share/project_one//config
-- Up-to-date: /home/carissa/Desktop/part2/install/project_one/share/project_one//config/control.yamlZone.Identifier
-- Up-to-date: /home/carissa/Desktop/part2/install/project_one/share/project_one//config/control.yaml
-- Up-to-date: /home/carissa/Desktop/part2/install/project_one/share/project_one//rviz
-- Up-to-date: /home/carissa/Desktop/part2/install/project_one/share/project_one//rviz/display_default.rviz
-- Up-to-date: /home/carissa/Desktop/part2/install/project_one/share/project_one//rviz/display_default.rvizZone.Identifier
-- Up-to-date: /home/carissa/Desktop/part2/install/project_one/share/project_one//scripts
-- Up-to-date: /home/carissa/Desktop/part2/install/project_one/share/project_one//scripts/proportional_controller.py
-- Up-to-date: /home/carissa/Desktop/part2/install/project_one/share/project_one//scripts/teleop.pyZone.Identifier
-- Installing: /home/carissa/Desktop/part2/install/project_one/share/project_one//scripts/teleop.py
-- Up-to-date: /home/carissa/Desktop/part2/install/project_one/include/project_one
-- Up-to-date: /home/carissa/Desktop/part2/install/project_one/lib/project_one/robot_description_publisher.py
-- Installing: /home/carissa/Desktop/part2/install/project_one/lib/project_one/teleop.py
-- Up-to-date: /home/carissa/Desktop/part2/install/project_one/lib/project_one/proportional_controller.py
-- Up-to-date: /home/carissa/Desktop/part2/install/project_one/share/ament_index/resource_index/package_run_dependencies/project_one
-- Up-to-date: /home/carissa/Desktop/part2/install/project_one/share/ament_index/resource_index/parent_prefix_path/project_one
-- Up-to-date: /home/carissa/Desktop/part2/install/project_one/share/project_one/environment/ament_prefix_path.sh
-- Up-to-date: /home/carissa/Desktop/part2/install/project_one/share/project_one/environment/ament_prefix_path.dsv
-- Up-to-date: /home/carissa/Desktop/part2/install/project_one/share/project_one/environment/path.sh
-- Up-to-date: /home/carissa/Desktop/part2/install/project_one/share/project_one/environment/path.dsv
-- Up-to-date: /home/carissa/Desktop/part2/install/project_one/share/project_one/local_setup.bash
-- Up-to-date: /home/carissa/Desktop/part2/install/project_one/share/project_one/local_setup.sh
-- Up-to-date: /home/carissa/Desktop/part2/install/project_one/share/project_one/local_setup.zsh
-- Up-to-date: /home/carissa/Desktop/part2/install/project_one/share/project_one/local_setup.dsv
-- Installing: /home/carissa/Desktop/part2/install/project_one/share/project_one/package.dsv
-- Up-to-date: /home/carissa/Desktop/part2/install/project_one/share/ament_index/resource_index/packages/project_one
-- Up-to-date: /home/carissa/Desktop/part2/install/project_one/share/project_one/cmake/project_oneConfig.cmake
-- Up-to-date: /home/carissa/Desktop/part2/install/project_one/share/project_one/cmake/project_oneConfig-version.cmake
-- Up-to-date: /home/carissa/Desktop/part2/install/project_one/share/project_one/package.xml
